[03/Jan/2019 15:31:34] DEBUG [django.db.backends.schema:110] CREATE TABLE `django_migrations` (`id` integer AUTO_INCREMENT NOT NULL PRIMARY KEY, `app` varchar(255) NOT NULL, `name` varchar(255) NOT NULL, `applied` datetime(6) NOT NULL); (params None)
[03/Jan/2019 15:31:35] DEBUG [django.db.backends.schema:110] CREATE TABLE `django_content_type` (`id` integer AUTO_INCREMENT NOT NULL PRIMARY KEY, `name` varchar(100) NOT NULL, `app_label` varchar(100) NOT NULL, `model` varchar(100) NOT NULL); (params None)
[03/Jan/2019 15:31:35] DEBUG [django.db.backends.schema:110] ALTER TABLE `django_content_type` ADD CONSTRAINT `django_content_type_app_label_model_76bd3d3b_uniq` UNIQUE (`app_label`, `model`); (params ())
[03/Jan/2019 15:31:36] DEBUG [django.db.backends.schema:110] CREATE TABLE `auth_permission` (`id` integer AUTO_INCREMENT NOT NULL PRIMARY KEY, `name` varchar(50) NOT NULL, `content_type_id` integer NOT NULL, `codename` varchar(100) NOT NULL); (params None)
[03/Jan/2019 15:31:36] DEBUG [django.db.backends.schema:110] CREATE TABLE `auth_group` (`id` integer AUTO_INCREMENT NOT NULL PRIMARY KEY, `name` varchar(80) NOT NULL UNIQUE); (params None)
[03/Jan/2019 15:31:37] DEBUG [django.db.backends.schema:110] CREATE TABLE `auth_group_permissions` (`id` integer AUTO_INCREMENT NOT NULL PRIMARY KEY, `group_id` integer NOT NULL, `permission_id` integer NOT NULL); (params None)
[03/Jan/2019 15:31:37] DEBUG [django.db.backends.schema:110] CREATE TABLE `auth_user` (`id` integer AUTO_INCREMENT NOT NULL PRIMARY KEY, `password` varchar(128) NOT NULL, `last_login` datetime(6) NOT NULL, `is_superuser` bool NOT NULL, `username` varchar(30) NOT NULL UNIQUE, `first_name` varchar(30) NOT NULL, `last_name` varchar(30) NOT NULL, `email` varchar(75) NOT NULL, `is_staff` bool NOT NULL, `is_active` bool NOT NULL, `date_joined` datetime(6) NOT NULL); (params None)
[03/Jan/2019 15:31:38] DEBUG [django.db.backends.schema:110] CREATE TABLE `auth_user_groups` (`id` integer AUTO_INCREMENT NOT NULL PRIMARY KEY, `user_id` integer NOT NULL, `group_id` integer NOT NULL); (params None)
[03/Jan/2019 15:31:38] DEBUG [django.db.backends.schema:110] CREATE TABLE `auth_user_user_permissions` (`id` integer AUTO_INCREMENT NOT NULL PRIMARY KEY, `user_id` integer NOT NULL, `permission_id` integer NOT NULL); (params None)
[03/Jan/2019 15:31:39] DEBUG [django.db.backends.schema:110] ALTER TABLE `auth_permission` ADD CONSTRAINT `auth_permission_content_type_id_2f476e4b_fk_django_co` FOREIGN KEY (`content_type_id`) REFERENCES `django_content_type` (`id`); (params ())
[03/Jan/2019 15:31:39] DEBUG [django.db.backends.schema:110] ALTER TABLE `auth_permission` ADD CONSTRAINT `auth_permission_content_type_id_codename_01ab375a_uniq` UNIQUE (`content_type_id`, `codename`); (params ())
[03/Jan/2019 15:31:39] DEBUG [django.db.backends.schema:110] ALTER TABLE `auth_group_permissions` ADD CONSTRAINT `auth_group_permissions_group_id_b120cbf9_fk_auth_group_id` FOREIGN KEY (`group_id`) REFERENCES `auth_group` (`id`); (params ())
[03/Jan/2019 15:31:39] DEBUG [django.db.backends.schema:110] ALTER TABLE `auth_group_permissions` ADD CONSTRAINT `auth_group_permissio_permission_id_84c5c92e_fk_auth_perm` FOREIGN KEY (`permission_id`) REFERENCES `auth_permission` (`id`); (params ())
[03/Jan/2019 15:31:39] DEBUG [django.db.backends.schema:110] ALTER TABLE `auth_group_permissions` ADD CONSTRAINT `auth_group_permissions_group_id_permission_id_0cd325b0_uniq` UNIQUE (`group_id`, `permission_id`); (params ())
[03/Jan/2019 15:31:39] DEBUG [django.db.backends.schema:110] ALTER TABLE `auth_user_groups` ADD CONSTRAINT `auth_user_groups_user_id_6a12ed8b_fk_auth_user_id` FOREIGN KEY (`user_id`) REFERENCES `auth_user` (`id`); (params ())
[03/Jan/2019 15:31:39] DEBUG [django.db.backends.schema:110] ALTER TABLE `auth_user_groups` ADD CONSTRAINT `auth_user_groups_group_id_97559544_fk_auth_group_id` FOREIGN KEY (`group_id`) REFERENCES `auth_group` (`id`); (params ())
[03/Jan/2019 15:31:40] DEBUG [django.db.backends.schema:110] ALTER TABLE `auth_user_groups` ADD CONSTRAINT `auth_user_groups_user_id_group_id_94350c0c_uniq` UNIQUE (`user_id`, `group_id`); (params ())
[03/Jan/2019 15:31:40] DEBUG [django.db.backends.schema:110] ALTER TABLE `auth_user_user_permissions` ADD CONSTRAINT `auth_user_user_permissions_user_id_a95ead1b_fk_auth_user_id` FOREIGN KEY (`user_id`) REFERENCES `auth_user` (`id`); (params ())
[03/Jan/2019 15:31:40] DEBUG [django.db.backends.schema:110] ALTER TABLE `auth_user_user_permissions` ADD CONSTRAINT `auth_user_user_permi_permission_id_1fbb5f2c_fk_auth_perm` FOREIGN KEY (`permission_id`) REFERENCES `auth_permission` (`id`); (params ())
[03/Jan/2019 15:31:40] DEBUG [django.db.backends.schema:110] ALTER TABLE `auth_user_user_permissions` ADD CONSTRAINT `auth_user_user_permissions_user_id_permission_id_14a6b632_uniq` UNIQUE (`user_id`, `permission_id`); (params ())
[03/Jan/2019 15:31:41] DEBUG [django.db.backends.schema:110] CREATE TABLE `django_admin_log` (`id` integer AUTO_INCREMENT NOT NULL PRIMARY KEY, `action_time` datetime(6) NOT NULL, `object_id` longtext NULL, `object_repr` varchar(200) NOT NULL, `action_flag` smallint UNSIGNED NOT NULL, `change_message` longtext NOT NULL, `content_type_id` integer NULL, `user_id` integer NOT NULL); (params None)
[03/Jan/2019 15:31:42] DEBUG [django.db.backends.schema:110] ALTER TABLE `django_admin_log` ADD CONSTRAINT `django_admin_log_content_type_id_c4bce8eb_fk_django_co` FOREIGN KEY (`content_type_id`) REFERENCES `django_content_type` (`id`); (params ())
[03/Jan/2019 15:31:42] DEBUG [django.db.backends.schema:110] ALTER TABLE `django_admin_log` ADD CONSTRAINT `django_admin_log_user_id_c564eba6_fk_auth_user_id` FOREIGN KEY (`user_id`) REFERENCES `auth_user` (`id`); (params ())
[03/Jan/2019 15:31:42] DEBUG [django.db.backends.schema:110] ALTER TABLE `django_admin_log` ALTER COLUMN `action_time` SET DEFAULT %s; (params [u'2019-01-03 20:31:42.987810'])
[03/Jan/2019 15:31:43] DEBUG [django.db.backends.schema:110] ALTER TABLE `django_admin_log` ALTER COLUMN `action_time` DROP DEFAULT; (params ())
[03/Jan/2019 15:31:43] DEBUG [django.db.backends.schema:110] ALTER TABLE `django_content_type` MODIFY `name` varchar(100) NULL; (params [])
[03/Jan/2019 15:31:43] DEBUG [django.db.backends.schema:110] ALTER TABLE `django_content_type` DROP COLUMN `name`; (params ())
[03/Jan/2019 15:31:44] DEBUG [django.db.backends.schema:110] ALTER TABLE `auth_permission` MODIFY `name` varchar(255) NOT NULL; (params [])
[03/Jan/2019 15:31:45] DEBUG [django.db.backends.schema:110] ALTER TABLE `auth_user` MODIFY `email` varchar(254) NOT NULL; (params [])
[03/Jan/2019 15:31:46] DEBUG [django.db.backends.schema:110] ALTER TABLE `auth_user` MODIFY `last_login` datetime(6) NULL; (params [])
[03/Jan/2019 15:31:47] DEBUG [django.db.backends.schema:110] ALTER TABLE `auth_user` MODIFY `username` varchar(150) NOT NULL; (params [])
[03/Jan/2019 15:31:48] DEBUG [django.db.backends.schema:110] CREATE TABLE `gameslist_game` (`id` integer AUTO_INCREMENT NOT NULL PRIMARY KEY, `name` varchar(200) NOT NULL, `system` varchar(3) NOT NULL, `played` bool NOT NULL, `beaten` bool NOT NULL, `location` varchar(3) NOT NULL, `game_format` varchar(1) NOT NULL, `notes` varchar(500) NOT NULL, `purchase_date` date NOT NULL, `finish_date` date NOT NULL, `abandoned` bool NOT NULL, `perler` bool NOT NULL, `reviewed` bool NOT NULL, `aging` integer NOT NULL, `play_aging` integer NOT NULL); (params None)
[03/Jan/2019 15:31:49] DEBUG [django.db.backends.schema:110] CREATE TABLE `gameslist_wish` (`id` integer AUTO_INCREMENT NOT NULL PRIMARY KEY, `name` varchar(200) NOT NULL, `system` varchar(3) NOT NULL, `played` bool NOT NULL, `beaten` bool NOT NULL, `date_added` date NOT NULL, `below_latte` bool NOT NULL); (params None)
[03/Jan/2019 15:31:50] DEBUG [django.db.backends.schema:110] ALTER TABLE `gameslist_game` ADD COLUMN `flagged` bool DEFAULT %s NOT NULL; (params [False])
[03/Jan/2019 15:31:50] DEBUG [django.db.backends.schema:110] ALTER TABLE `gameslist_game` ALTER COLUMN `flagged` DROP DEFAULT; (params ())
[03/Jan/2019 15:31:51] DEBUG [django.db.backends.schema:110] ALTER TABLE `gameslist_game` DROP COLUMN `aging`; (params ())
[03/Jan/2019 15:31:51] DEBUG [django.db.backends.schema:110] ALTER TABLE `gameslist_game` DROP COLUMN `play_aging`; (params ())
[03/Jan/2019 15:31:51] DEBUG [django.db.backends.schema:110] ALTER TABLE `gameslist_game` ADD COLUMN `full_time_to_beat` integer DEFAULT %s NOT NULL; (params [0])
[03/Jan/2019 15:31:51] DEBUG [django.db.backends.schema:110] ALTER TABLE `gameslist_game` ALTER COLUMN `full_time_to_beat` DROP DEFAULT; (params ())
[03/Jan/2019 15:31:51] DEBUG [django.db.backends.schema:110] ALTER TABLE `gameslist_game` ALTER COLUMN `purchase_date` SET DEFAULT %s; (params [u'2018-11-14'])
[03/Jan/2019 15:31:51] DEBUG [django.db.backends.schema:110] ALTER TABLE `gameslist_game` ALTER COLUMN `purchase_date` DROP DEFAULT; (params ())
[03/Jan/2019 15:31:52] DEBUG [django.db.backends.schema:110] ALTER TABLE `gameslist_game` MODIFY `finish_date` date NULL; (params [])
[03/Jan/2019 15:31:52] DEBUG [django.db.backends.schema:110] ALTER TABLE `gameslist_game` MODIFY `full_time_to_beat` double precision NOT NULL; (params [])
[03/Jan/2019 15:31:52] DEBUG [django.db.backends.schema:110] ALTER TABLE `gameslist_game` MODIFY `notes` varchar(500) NULL; (params [])
[03/Jan/2019 15:31:53] DEBUG [django.db.backends.schema:110] ALTER TABLE `gameslist_game` ADD COLUMN `current_time` integer DEFAULT %s NOT NULL; (params [0])
[03/Jan/2019 15:31:53] DEBUG [django.db.backends.schema:110] ALTER TABLE `gameslist_game` ALTER COLUMN `current_time` DROP DEFAULT; (params ())
[03/Jan/2019 15:31:53] DEBUG [django.db.backends.schema:110] ALTER TABLE `gameslist_game` ALTER COLUMN `purchase_date` SET DEFAULT %s; (params [u'2018-11-17'])
[03/Jan/2019 15:31:53] DEBUG [django.db.backends.schema:110] ALTER TABLE `gameslist_game` ALTER COLUMN `purchase_date` DROP DEFAULT; (params ())
[03/Jan/2019 15:31:54] DEBUG [django.db.backends.schema:110] ALTER TABLE `gameslist_game` MODIFY `current_time` double precision NOT NULL; (params [])
[03/Jan/2019 15:31:54] DEBUG [django.db.backends.schema:110] ALTER TABLE `gameslist_game` ALTER COLUMN `purchase_date` SET DEFAULT %s; (params [u'2018-11-21'])
[03/Jan/2019 15:31:54] DEBUG [django.db.backends.schema:110] ALTER TABLE `gameslist_game` ALTER COLUMN `purchase_date` DROP DEFAULT; (params ())
[03/Jan/2019 15:31:54] DEBUG [django.db.backends.schema:110] ALTER TABLE `gameslist_game` ADD COLUMN `substantial_progress` bool DEFAULT %s NOT NULL; (params [False])
[03/Jan/2019 15:31:55] DEBUG [django.db.backends.schema:110] ALTER TABLE `gameslist_game` ALTER COLUMN `substantial_progress` DROP DEFAULT; (params ())
[03/Jan/2019 15:31:55] DEBUG [django.db.backends.schema:110] ALTER TABLE `gameslist_game` ALTER COLUMN `purchase_date` SET DEFAULT %s; (params [u'2018-11-26'])
[03/Jan/2019 15:31:55] DEBUG [django.db.backends.schema:110] ALTER TABLE `gameslist_game` ALTER COLUMN `purchase_date` DROP DEFAULT; (params ())
[03/Jan/2019 15:31:55] DEBUG [django.db.backends.schema:110] CREATE TABLE `django_session` (`session_key` varchar(40) NOT NULL PRIMARY KEY, `session_data` longtext NOT NULL, `expire_date` datetime(6) NOT NULL); (params None)
[03/Jan/2019 15:31:56] DEBUG [django.db.backends.schema:110] CREATE INDEX `django_session_expire_date_a5c62663` ON `django_session` (`expire_date`); (params ())
[03/Jan/2019 15:32:05] DEBUG [MYAPP:632] {}
[03/Jan/2019 15:32:07] INFO [MYAPP:62] NOT FOUND: Test.
[03/Jan/2019 15:32:07] INFO [MYAPP:63] Did you mean: The Turing Test?
[03/Jan/2019 15:32:07] INFO [MYAPP:62] NOT FOUND: Test.
[03/Jan/2019 15:32:07] INFO [MYAPP:63] Did you mean: ARK: Survival of the Fittest?
[03/Jan/2019 15:32:07] INFO [MYAPP:62] NOT FOUND: Test.
[03/Jan/2019 15:32:07] INFO [MYAPP:63] Did you mean: The Testament of Sherlock Holmes?
[03/Jan/2019 15:32:07] INFO [MYAPP:62] NOT FOUND: Test.
[03/Jan/2019 15:32:07] INFO [MYAPP:63] Did you mean: Mega Man 6?
[03/Jan/2019 15:32:07] INFO [MYAPP:62] NOT FOUND: Test.
[03/Jan/2019 15:32:07] INFO [MYAPP:63] Did you mean: Test Drive Unlimited 2?
[03/Jan/2019 15:32:07] INFO [MYAPP:62] NOT FOUND: Test.
[03/Jan/2019 15:32:07] INFO [MYAPP:63] Did you mean: Aperture Tag: The Paint Gun Testing Initiative?
[03/Jan/2019 15:32:07] INFO [MYAPP:62] NOT FOUND: Test.
[03/Jan/2019 15:32:07] INFO [MYAPP:63] Did you mean: Numen: Contest of Heroes?
[03/Jan/2019 15:32:07] INFO [MYAPP:62] NOT FOUND: Test.
[03/Jan/2019 15:32:07] INFO [MYAPP:63] Did you mean: America's Test Kitchen: Let's Get Cooking?
[03/Jan/2019 15:32:07] INFO [MYAPP:62] NOT FOUND: Test.
[03/Jan/2019 15:32:07] INFO [MYAPP:63] Did you mean: Test Drive Off-Road?
[03/Jan/2019 15:32:07] INFO [MYAPP:62] NOT FOUND: Test.
[03/Jan/2019 15:32:07] INFO [MYAPP:63] Did you mean: Megami Tensei: The Old Testament?
[03/Jan/2019 15:32:07] INFO [MYAPP:62] NOT FOUND: Test.
[03/Jan/2019 15:32:07] INFO [MYAPP:63] Did you mean: Test Drive Le Mans (Dreamcast)?
[03/Jan/2019 15:32:07] INFO [MYAPP:62] NOT FOUND: Test.
[03/Jan/2019 15:32:07] INFO [MYAPP:63] Did you mean: Perimeter: Emperor's Testament?
[03/Jan/2019 15:32:07] INFO [MYAPP:62] NOT FOUND: Test.
[03/Jan/2019 15:32:07] INFO [MYAPP:63] Did you mean: Cubivore: Survival of the Fittest?
[03/Jan/2019 15:32:07] INFO [MYAPP:62] NOT FOUND: Test.
[03/Jan/2019 15:32:07] INFO [MYAPP:63] Did you mean: Sweetest Monster?
[03/Jan/2019 15:32:07] INFO [MYAPP:62] NOT FOUND: Test.
[03/Jan/2019 15:32:07] INFO [MYAPP:63] Did you mean: Dance Dance Revolution Hottest Party 3?
[03/Jan/2019 15:32:07] INFO [MYAPP:62] NOT FOUND: Test.
[03/Jan/2019 15:32:07] INFO [MYAPP:63] Did you mean: Blossoms Bloom Brightest?
[03/Jan/2019 15:32:07] INFO [MYAPP:62] NOT FOUND: Test.
[03/Jan/2019 15:32:07] INFO [MYAPP:63] Did you mean: Test Drive Unlimited?
[03/Jan/2019 15:32:07] INFO [MYAPP:62] NOT FOUND: Test.
[03/Jan/2019 15:32:07] INFO [MYAPP:63] Did you mean: Test Drive 6?
[03/Jan/2019 15:32:08] INFO [MYAPP:62] NOT FOUND: Test.
[03/Jan/2019 15:32:08] INFO [MYAPP:63] Did you mean: The Turing Test?
[03/Jan/2019 15:32:08] INFO [MYAPP:62] NOT FOUND: Test.
[03/Jan/2019 15:32:08] INFO [MYAPP:63] Did you mean: ARK: Survival of the Fittest?
[03/Jan/2019 15:32:08] INFO [MYAPP:62] NOT FOUND: Test.
[03/Jan/2019 15:32:08] INFO [MYAPP:63] Did you mean: The Testament of Sherlock Holmes?
[03/Jan/2019 15:32:08] INFO [MYAPP:62] NOT FOUND: Test.
[03/Jan/2019 15:32:08] INFO [MYAPP:63] Did you mean: Mega Man 6?
[03/Jan/2019 15:32:08] INFO [MYAPP:62] NOT FOUND: Test.
[03/Jan/2019 15:32:08] INFO [MYAPP:63] Did you mean: Test Drive Unlimited 2?
[03/Jan/2019 15:32:08] INFO [MYAPP:62] NOT FOUND: Test.
[03/Jan/2019 15:32:08] INFO [MYAPP:63] Did you mean: Aperture Tag: The Paint Gun Testing Initiative?
[03/Jan/2019 15:32:08] INFO [MYAPP:62] NOT FOUND: Test.
[03/Jan/2019 15:32:08] INFO [MYAPP:63] Did you mean: Numen: Contest of Heroes?
[03/Jan/2019 15:32:08] INFO [MYAPP:62] NOT FOUND: Test.
[03/Jan/2019 15:32:08] INFO [MYAPP:63] Did you mean: America's Test Kitchen: Let's Get Cooking?
[03/Jan/2019 15:32:08] INFO [MYAPP:62] NOT FOUND: Test.
[03/Jan/2019 15:32:08] INFO [MYAPP:63] Did you mean: Test Drive Off-Road?
[03/Jan/2019 15:32:08] INFO [MYAPP:62] NOT FOUND: Test.
[03/Jan/2019 15:32:08] INFO [MYAPP:63] Did you mean: Megami Tensei: The Old Testament?
[03/Jan/2019 15:32:08] INFO [MYAPP:62] NOT FOUND: Test.
[03/Jan/2019 15:32:08] INFO [MYAPP:63] Did you mean: Test Drive Le Mans (Dreamcast)?
[03/Jan/2019 15:32:08] INFO [MYAPP:62] NOT FOUND: Test.
[03/Jan/2019 15:32:08] INFO [MYAPP:63] Did you mean: Perimeter: Emperor's Testament?
[03/Jan/2019 15:32:08] INFO [MYAPP:62] NOT FOUND: Test.
[03/Jan/2019 15:32:08] INFO [MYAPP:63] Did you mean: Cubivore: Survival of the Fittest?
[03/Jan/2019 15:32:08] INFO [MYAPP:62] NOT FOUND: Test.
[03/Jan/2019 15:32:08] INFO [MYAPP:63] Did you mean: Sweetest Monster?
[03/Jan/2019 15:32:08] INFO [MYAPP:62] NOT FOUND: Test.
[03/Jan/2019 15:32:08] INFO [MYAPP:63] Did you mean: Dance Dance Revolution Hottest Party 3?
[03/Jan/2019 15:32:08] INFO [MYAPP:62] NOT FOUND: Test.
[03/Jan/2019 15:32:08] INFO [MYAPP:63] Did you mean: Blossoms Bloom Brightest?
[03/Jan/2019 15:32:08] INFO [MYAPP:62] NOT FOUND: Test.
[03/Jan/2019 15:32:08] INFO [MYAPP:63] Did you mean: Test Drive Unlimited?
[03/Jan/2019 15:32:08] INFO [MYAPP:62] NOT FOUND: Test.
[03/Jan/2019 15:32:08] INFO [MYAPP:63] Did you mean: Test Drive 6?
[03/Jan/2019 15:32:09] INFO [MYAPP:62] NOT FOUND: Test.
[03/Jan/2019 15:32:09] INFO [MYAPP:63] Did you mean: The Turing Test?
[03/Jan/2019 15:32:09] INFO [MYAPP:62] NOT FOUND: Test.
[03/Jan/2019 15:32:09] INFO [MYAPP:63] Did you mean: ARK: Survival of the Fittest?
[03/Jan/2019 15:32:09] INFO [MYAPP:62] NOT FOUND: Test.
[03/Jan/2019 15:32:09] INFO [MYAPP:63] Did you mean: The Testament of Sherlock Holmes?
[03/Jan/2019 15:32:09] INFO [MYAPP:62] NOT FOUND: Test.
[03/Jan/2019 15:32:09] INFO [MYAPP:63] Did you mean: Mega Man 6?
[03/Jan/2019 15:32:09] INFO [MYAPP:62] NOT FOUND: Test.
[03/Jan/2019 15:32:09] INFO [MYAPP:63] Did you mean: Test Drive Unlimited 2?
[03/Jan/2019 15:32:09] INFO [MYAPP:62] NOT FOUND: Test.
[03/Jan/2019 15:32:09] INFO [MYAPP:63] Did you mean: Aperture Tag: The Paint Gun Testing Initiative?
[03/Jan/2019 15:32:09] INFO [MYAPP:62] NOT FOUND: Test.
[03/Jan/2019 15:32:09] INFO [MYAPP:63] Did you mean: Numen: Contest of Heroes?
[03/Jan/2019 15:32:09] INFO [MYAPP:62] NOT FOUND: Test.
[03/Jan/2019 15:32:09] INFO [MYAPP:63] Did you mean: America's Test Kitchen: Let's Get Cooking?
[03/Jan/2019 15:32:09] INFO [MYAPP:62] NOT FOUND: Test.
[03/Jan/2019 15:32:09] INFO [MYAPP:63] Did you mean: Test Drive Off-Road?
[03/Jan/2019 15:32:09] INFO [MYAPP:62] NOT FOUND: Test.
[03/Jan/2019 15:32:09] INFO [MYAPP:63] Did you mean: Megami Tensei: The Old Testament?
[03/Jan/2019 15:32:09] INFO [MYAPP:62] NOT FOUND: Test.
[03/Jan/2019 15:32:09] INFO [MYAPP:63] Did you mean: Test Drive Le Mans (Dreamcast)?
[03/Jan/2019 15:32:09] INFO [MYAPP:62] NOT FOUND: Test.
[03/Jan/2019 15:32:09] INFO [MYAPP:63] Did you mean: Perimeter: Emperor's Testament?
[03/Jan/2019 15:32:09] INFO [MYAPP:62] NOT FOUND: Test.
[03/Jan/2019 15:32:09] INFO [MYAPP:63] Did you mean: Cubivore: Survival of the Fittest?
[03/Jan/2019 15:32:09] INFO [MYAPP:62] NOT FOUND: Test.
[03/Jan/2019 15:32:09] INFO [MYAPP:63] Did you mean: Sweetest Monster?
[03/Jan/2019 15:32:09] INFO [MYAPP:62] NOT FOUND: Test.
[03/Jan/2019 15:32:09] INFO [MYAPP:63] Did you mean: Dance Dance Revolution Hottest Party 3?
[03/Jan/2019 15:32:09] INFO [MYAPP:62] NOT FOUND: Test.
[03/Jan/2019 15:32:09] INFO [MYAPP:63] Did you mean: Blossoms Bloom Brightest?
[03/Jan/2019 15:32:09] INFO [MYAPP:62] NOT FOUND: Test.
[03/Jan/2019 15:32:09] INFO [MYAPP:63] Did you mean: Test Drive Unlimited?
[03/Jan/2019 15:32:09] INFO [MYAPP:62] NOT FOUND: Test.
[03/Jan/2019 15:32:09] INFO [MYAPP:63] Did you mean: Test Drive 6?
[03/Jan/2019 15:32:10] INFO [MYAPP:62] NOT FOUND: Test.
[03/Jan/2019 15:32:10] INFO [MYAPP:63] Did you mean: The Turing Test?
[03/Jan/2019 15:32:10] INFO [MYAPP:62] NOT FOUND: Test.
[03/Jan/2019 15:32:10] INFO [MYAPP:63] Did you mean: ARK: Survival of the Fittest?
[03/Jan/2019 15:32:10] INFO [MYAPP:62] NOT FOUND: Test.
[03/Jan/2019 15:32:10] INFO [MYAPP:63] Did you mean: The Testament of Sherlock Holmes?
[03/Jan/2019 15:32:10] INFO [MYAPP:62] NOT FOUND: Test.
[03/Jan/2019 15:32:10] INFO [MYAPP:63] Did you mean: Mega Man 6?
[03/Jan/2019 15:32:10] INFO [MYAPP:62] NOT FOUND: Test.
[03/Jan/2019 15:32:10] INFO [MYAPP:63] Did you mean: Test Drive Unlimited 2?
[03/Jan/2019 15:32:10] INFO [MYAPP:62] NOT FOUND: Test.
[03/Jan/2019 15:32:10] INFO [MYAPP:63] Did you mean: Aperture Tag: The Paint Gun Testing Initiative?
[03/Jan/2019 15:32:10] INFO [MYAPP:62] NOT FOUND: Test.
[03/Jan/2019 15:32:10] INFO [MYAPP:63] Did you mean: Numen: Contest of Heroes?
[03/Jan/2019 15:32:10] INFO [MYAPP:62] NOT FOUND: Test.
[03/Jan/2019 15:32:10] INFO [MYAPP:63] Did you mean: America's Test Kitchen: Let's Get Cooking?
[03/Jan/2019 15:32:10] INFO [MYAPP:62] NOT FOUND: Test.
[03/Jan/2019 15:32:10] INFO [MYAPP:63] Did you mean: Test Drive Off-Road?
[03/Jan/2019 15:32:10] INFO [MYAPP:62] NOT FOUND: Test.
[03/Jan/2019 15:32:10] INFO [MYAPP:63] Did you mean: Megami Tensei: The Old Testament?
[03/Jan/2019 15:32:10] INFO [MYAPP:62] NOT FOUND: Test.
[03/Jan/2019 15:32:10] INFO [MYAPP:63] Did you mean: Test Drive Le Mans (Dreamcast)?
[03/Jan/2019 15:32:10] INFO [MYAPP:62] NOT FOUND: Test.
[03/Jan/2019 15:32:10] INFO [MYAPP:63] Did you mean: Perimeter: Emperor's Testament?
[03/Jan/2019 15:32:10] INFO [MYAPP:62] NOT FOUND: Test.
[03/Jan/2019 15:32:10] INFO [MYAPP:63] Did you mean: Cubivore: Survival of the Fittest?
[03/Jan/2019 15:32:10] INFO [MYAPP:62] NOT FOUND: Test.
[03/Jan/2019 15:32:10] INFO [MYAPP:63] Did you mean: Sweetest Monster?
[03/Jan/2019 15:32:10] INFO [MYAPP:62] NOT FOUND: Test.
[03/Jan/2019 15:32:10] INFO [MYAPP:63] Did you mean: Dance Dance Revolution Hottest Party 3?
[03/Jan/2019 15:32:10] INFO [MYAPP:62] NOT FOUND: Test.
[03/Jan/2019 15:32:10] INFO [MYAPP:63] Did you mean: Blossoms Bloom Brightest?
[03/Jan/2019 15:32:10] INFO [MYAPP:62] NOT FOUND: Test.
[03/Jan/2019 15:32:10] INFO [MYAPP:63] Did you mean: Test Drive Unlimited?
[03/Jan/2019 15:32:10] INFO [MYAPP:62] NOT FOUND: Test.
[03/Jan/2019 15:32:10] INFO [MYAPP:63] Did you mean: Test Drive 6?
[03/Jan/2019 15:32:11] INFO [MYAPP:62] NOT FOUND: Test.
[03/Jan/2019 15:32:11] INFO [MYAPP:63] Did you mean: The Turing Test?
[03/Jan/2019 15:32:11] INFO [MYAPP:62] NOT FOUND: Test.
[03/Jan/2019 15:32:11] INFO [MYAPP:63] Did you mean: ARK: Survival of the Fittest?
[03/Jan/2019 15:32:11] INFO [MYAPP:62] NOT FOUND: Test.
[03/Jan/2019 15:32:11] INFO [MYAPP:63] Did you mean: The Testament of Sherlock Holmes?
[03/Jan/2019 15:32:11] INFO [MYAPP:62] NOT FOUND: Test.
[03/Jan/2019 15:32:11] INFO [MYAPP:63] Did you mean: Mega Man 6?
[03/Jan/2019 15:32:11] INFO [MYAPP:62] NOT FOUND: Test.
[03/Jan/2019 15:32:11] INFO [MYAPP:63] Did you mean: Test Drive Unlimited 2?
[03/Jan/2019 15:32:11] INFO [MYAPP:62] NOT FOUND: Test.
[03/Jan/2019 15:32:11] INFO [MYAPP:63] Did you mean: Aperture Tag: The Paint Gun Testing Initiative?
[03/Jan/2019 15:32:11] INFO [MYAPP:62] NOT FOUND: Test.
[03/Jan/2019 15:32:11] INFO [MYAPP:63] Did you mean: Numen: Contest of Heroes?
[03/Jan/2019 15:32:11] INFO [MYAPP:62] NOT FOUND: Test.
[03/Jan/2019 15:32:11] INFO [MYAPP:63] Did you mean: America's Test Kitchen: Let's Get Cooking?
[03/Jan/2019 15:32:11] INFO [MYAPP:62] NOT FOUND: Test.
[03/Jan/2019 15:32:11] INFO [MYAPP:63] Did you mean: Test Drive Off-Road?
[03/Jan/2019 15:32:11] INFO [MYAPP:62] NOT FOUND: Test.
[03/Jan/2019 15:32:11] INFO [MYAPP:63] Did you mean: Megami Tensei: The Old Testament?
[03/Jan/2019 15:32:11] INFO [MYAPP:62] NOT FOUND: Test.
[03/Jan/2019 15:32:11] INFO [MYAPP:63] Did you mean: Test Drive Le Mans (Dreamcast)?
[03/Jan/2019 15:32:11] INFO [MYAPP:62] NOT FOUND: Test.
[03/Jan/2019 15:32:11] INFO [MYAPP:63] Did you mean: Perimeter: Emperor's Testament?
[03/Jan/2019 15:32:11] INFO [MYAPP:62] NOT FOUND: Test.
[03/Jan/2019 15:32:11] INFO [MYAPP:63] Did you mean: Cubivore: Survival of the Fittest?
[03/Jan/2019 15:32:11] INFO [MYAPP:62] NOT FOUND: Test.
[03/Jan/2019 15:32:11] INFO [MYAPP:63] Did you mean: Sweetest Monster?
[03/Jan/2019 15:32:11] INFO [MYAPP:62] NOT FOUND: Test.
[03/Jan/2019 15:32:11] INFO [MYAPP:63] Did you mean: Dance Dance Revolution Hottest Party 3?
[03/Jan/2019 15:32:11] INFO [MYAPP:62] NOT FOUND: Test.
[03/Jan/2019 15:32:11] INFO [MYAPP:63] Did you mean: Blossoms Bloom Brightest?
[03/Jan/2019 15:32:11] INFO [MYAPP:62] NOT FOUND: Test.
[03/Jan/2019 15:32:11] INFO [MYAPP:63] Did you mean: Test Drive Unlimited?
[03/Jan/2019 15:32:11] INFO [MYAPP:62] NOT FOUND: Test.
[03/Jan/2019 15:32:11] INFO [MYAPP:63] Did you mean: Test Drive 6?
[03/Jan/2019 15:32:12] INFO [MYAPP:62] NOT FOUND: Test.
[03/Jan/2019 15:32:12] INFO [MYAPP:63] Did you mean: The Turing Test?
[03/Jan/2019 15:32:12] INFO [MYAPP:62] NOT FOUND: Test.
[03/Jan/2019 15:32:12] INFO [MYAPP:63] Did you mean: ARK: Survival of the Fittest?
[03/Jan/2019 15:32:12] INFO [MYAPP:62] NOT FOUND: Test.
[03/Jan/2019 15:32:12] INFO [MYAPP:63] Did you mean: The Testament of Sherlock Holmes?
[03/Jan/2019 15:32:12] INFO [MYAPP:62] NOT FOUND: Test.
[03/Jan/2019 15:32:12] INFO [MYAPP:63] Did you mean: Mega Man 6?
[03/Jan/2019 15:32:12] INFO [MYAPP:62] NOT FOUND: Test.
[03/Jan/2019 15:32:12] INFO [MYAPP:63] Did you mean: Test Drive Unlimited 2?
[03/Jan/2019 15:32:12] INFO [MYAPP:62] NOT FOUND: Test.
[03/Jan/2019 15:32:12] INFO [MYAPP:63] Did you mean: Aperture Tag: The Paint Gun Testing Initiative?
[03/Jan/2019 15:32:12] INFO [MYAPP:62] NOT FOUND: Test.
[03/Jan/2019 15:32:12] INFO [MYAPP:63] Did you mean: Numen: Contest of Heroes?
[03/Jan/2019 15:32:12] INFO [MYAPP:62] NOT FOUND: Test.
[03/Jan/2019 15:32:12] INFO [MYAPP:63] Did you mean: America's Test Kitchen: Let's Get Cooking?
[03/Jan/2019 15:32:12] INFO [MYAPP:62] NOT FOUND: Test.
[03/Jan/2019 15:32:12] INFO [MYAPP:63] Did you mean: Test Drive Off-Road?
[03/Jan/2019 15:32:12] INFO [MYAPP:62] NOT FOUND: Test.
[03/Jan/2019 15:32:12] INFO [MYAPP:63] Did you mean: Megami Tensei: The Old Testament?
[03/Jan/2019 15:32:12] INFO [MYAPP:62] NOT FOUND: Test.
[03/Jan/2019 15:32:12] INFO [MYAPP:63] Did you mean: Test Drive Le Mans (Dreamcast)?
[03/Jan/2019 15:32:12] INFO [MYAPP:62] NOT FOUND: Test.
[03/Jan/2019 15:32:12] INFO [MYAPP:63] Did you mean: Perimeter: Emperor's Testament?
[03/Jan/2019 15:32:12] INFO [MYAPP:62] NOT FOUND: Test.
[03/Jan/2019 15:32:12] INFO [MYAPP:63] Did you mean: Cubivore: Survival of the Fittest?
[03/Jan/2019 15:32:12] INFO [MYAPP:62] NOT FOUND: Test.
[03/Jan/2019 15:32:12] INFO [MYAPP:63] Did you mean: Sweetest Monster?
[03/Jan/2019 15:32:12] INFO [MYAPP:62] NOT FOUND: Test.
[03/Jan/2019 15:32:12] INFO [MYAPP:63] Did you mean: Dance Dance Revolution Hottest Party 3?
[03/Jan/2019 15:32:12] INFO [MYAPP:62] NOT FOUND: Test.
[03/Jan/2019 15:32:12] INFO [MYAPP:63] Did you mean: Blossoms Bloom Brightest?
[03/Jan/2019 15:32:12] INFO [MYAPP:62] NOT FOUND: Test.
[03/Jan/2019 15:32:12] INFO [MYAPP:63] Did you mean: Test Drive Unlimited?
[03/Jan/2019 15:32:12] INFO [MYAPP:62] NOT FOUND: Test.
[03/Jan/2019 15:32:12] INFO [MYAPP:63] Did you mean: Test Drive 6?
[03/Jan/2019 15:32:15] INFO [MYAPP:62] NOT FOUND: Test.
[03/Jan/2019 15:32:15] INFO [MYAPP:63] Did you mean: The Turing Test?
[03/Jan/2019 15:32:15] INFO [MYAPP:62] NOT FOUND: Test.
[03/Jan/2019 15:32:15] INFO [MYAPP:63] Did you mean: ARK: Survival of the Fittest?
[03/Jan/2019 15:32:15] INFO [MYAPP:62] NOT FOUND: Test.
[03/Jan/2019 15:32:15] INFO [MYAPP:63] Did you mean: The Testament of Sherlock Holmes?
[03/Jan/2019 15:32:15] INFO [MYAPP:62] NOT FOUND: Test.
[03/Jan/2019 15:32:15] INFO [MYAPP:63] Did you mean: Mega Man 6?
[03/Jan/2019 15:32:15] INFO [MYAPP:62] NOT FOUND: Test.
[03/Jan/2019 15:32:15] INFO [MYAPP:63] Did you mean: Test Drive Unlimited 2?
[03/Jan/2019 15:32:15] INFO [MYAPP:62] NOT FOUND: Test.
[03/Jan/2019 15:32:15] INFO [MYAPP:63] Did you mean: Aperture Tag: The Paint Gun Testing Initiative?
[03/Jan/2019 15:32:15] INFO [MYAPP:62] NOT FOUND: Test.
[03/Jan/2019 15:32:15] INFO [MYAPP:63] Did you mean: Numen: Contest of Heroes?
[03/Jan/2019 15:32:15] INFO [MYAPP:62] NOT FOUND: Test.
[03/Jan/2019 15:32:15] INFO [MYAPP:63] Did you mean: America's Test Kitchen: Let's Get Cooking?
[03/Jan/2019 15:32:15] INFO [MYAPP:62] NOT FOUND: Test.
[03/Jan/2019 15:32:15] INFO [MYAPP:63] Did you mean: Test Drive Off-Road?
[03/Jan/2019 15:32:15] INFO [MYAPP:62] NOT FOUND: Test.
[03/Jan/2019 15:32:15] INFO [MYAPP:63] Did you mean: Megami Tensei: The Old Testament?
[03/Jan/2019 15:32:15] INFO [MYAPP:62] NOT FOUND: Test.
[03/Jan/2019 15:32:15] INFO [MYAPP:63] Did you mean: Test Drive Le Mans (Dreamcast)?
[03/Jan/2019 15:32:15] INFO [MYAPP:62] NOT FOUND: Test.
[03/Jan/2019 15:32:15] INFO [MYAPP:63] Did you mean: Perimeter: Emperor's Testament?
[03/Jan/2019 15:32:15] INFO [MYAPP:62] NOT FOUND: Test.
[03/Jan/2019 15:32:15] INFO [MYAPP:63] Did you mean: Cubivore: Survival of the Fittest?
[03/Jan/2019 15:32:15] INFO [MYAPP:62] NOT FOUND: Test.
[03/Jan/2019 15:32:15] INFO [MYAPP:63] Did you mean: Sweetest Monster?
[03/Jan/2019 15:32:15] INFO [MYAPP:62] NOT FOUND: Test.
[03/Jan/2019 15:32:15] INFO [MYAPP:63] Did you mean: Dance Dance Revolution Hottest Party 3?
[03/Jan/2019 15:32:15] INFO [MYAPP:62] NOT FOUND: Test.
[03/Jan/2019 15:32:15] INFO [MYAPP:63] Did you mean: Blossoms Bloom Brightest?
[03/Jan/2019 15:32:15] INFO [MYAPP:62] NOT FOUND: Test.
[03/Jan/2019 15:32:15] INFO [MYAPP:63] Did you mean: Test Drive Unlimited?
[03/Jan/2019 15:32:15] INFO [MYAPP:62] NOT FOUND: Test.
[03/Jan/2019 15:32:15] INFO [MYAPP:63] Did you mean: Test Drive 6?
[03/Jan/2019 15:32:15] INFO [MYAPP:62] NOT FOUND: Test 2.
[03/Jan/2019 15:32:15] INFO [MYAPP:63] Did you mean: Test Drive Unlimited 2?
[03/Jan/2019 15:32:15] INFO [MYAPP:62] NOT FOUND: Test 2.
[03/Jan/2019 15:32:15] INFO [MYAPP:63] Did you mean: Arcade's Greatest Hits: The Atari Collection 2?
[03/Jan/2019 15:32:15] INFO [MYAPP:62] NOT FOUND: Test 2.
[03/Jan/2019 15:32:15] INFO [MYAPP:63] Did you mean: Test Drive (2002)?
[03/Jan/2019 15:32:15] INFO [MYAPP:62] NOT FOUND: Test 2.
[03/Jan/2019 15:32:15] INFO [MYAPP:63] Did you mean: Professor Nasty Time: The Stupidly Unfair Test Simulator 2016?
[03/Jan/2019 15:32:15] INFO [MYAPP:62] NOT FOUND: Test 2.
[03/Jan/2019 15:32:15] INFO [MYAPP:63] Did you mean: Joust 2: Survival of the Fittest?
[03/Jan/2019 15:32:15] INFO [MYAPP:62] NOT FOUND: Test 2.
[03/Jan/2019 15:32:15] INFO [MYAPP:63] Did you mean: Dance Dance Revolution Hottest Party 2?
[03/Jan/2019 15:32:16] INFO [MYAPP:62] NOT FOUND: Test 3.
[03/Jan/2019 15:32:16] INFO [MYAPP:63] Did you mean: Dance Dance Revolution Hottest Party 3?
[03/Jan/2019 15:32:16] INFO [MYAPP:62] NOT FOUND: Test 3.
[03/Jan/2019 15:32:16] INFO [MYAPP:63] Did you mean: Far Cry 3: Testing Unit DLC?
[03/Jan/2019 15:32:16] INFO [MYAPP:62] NOT FOUND: Test 3.
[03/Jan/2019 15:32:16] INFO [MYAPP:63] Did you mean: Test Drive III: The Passion?
[03/Jan/2019 15:32:16] DEBUG [MYAPP:58] NO REFERER
[03/Jan/2019 15:32:16] DEBUG [MYAPP:58] NO REFERER
[03/Jan/2019 15:32:17] DEBUG [MYAPP:58] NO REFERER
[03/Jan/2019 15:32:17] DEBUG [MYAPP:58] NO REFERER
[03/Jan/2019 15:32:18] DEBUG [MYAPP:58] NO REFERER
[03/Jan/2019 15:32:18] DEBUG [MYAPP:58] NO REFERER
[03/Jan/2019 15:32:23] DEBUG [MYAPP:58] NO REFERER
[03/Jan/2019 15:32:25] INFO [MYAPP:62] NOT FOUND: Antihero.
[03/Jan/2019 15:32:25] INFO [MYAPP:63] Did you mean: Antihero (2017)?
[03/Jan/2019 15:32:31] INFO [MYAPP:62] NOT FOUND: Test.
[03/Jan/2019 15:32:31] INFO [MYAPP:63] Did you mean: The Turing Test?
[03/Jan/2019 15:32:31] INFO [MYAPP:62] NOT FOUND: Test.
[03/Jan/2019 15:32:31] INFO [MYAPP:63] Did you mean: ARK: Survival of the Fittest?
[03/Jan/2019 15:32:31] INFO [MYAPP:62] NOT FOUND: Test.
[03/Jan/2019 15:32:31] INFO [MYAPP:63] Did you mean: The Testament of Sherlock Holmes?
[03/Jan/2019 15:32:31] INFO [MYAPP:62] NOT FOUND: Test.
[03/Jan/2019 15:32:31] INFO [MYAPP:63] Did you mean: Mega Man 6?
[03/Jan/2019 15:32:31] INFO [MYAPP:62] NOT FOUND: Test.
[03/Jan/2019 15:32:31] INFO [MYAPP:63] Did you mean: Test Drive Unlimited 2?
[03/Jan/2019 15:32:31] INFO [MYAPP:62] NOT FOUND: Test.
[03/Jan/2019 15:32:31] INFO [MYAPP:63] Did you mean: Aperture Tag: The Paint Gun Testing Initiative?
[03/Jan/2019 15:32:31] INFO [MYAPP:62] NOT FOUND: Test.
[03/Jan/2019 15:32:31] INFO [MYAPP:63] Did you mean: Numen: Contest of Heroes?
[03/Jan/2019 15:32:31] INFO [MYAPP:62] NOT FOUND: Test.
[03/Jan/2019 15:32:31] INFO [MYAPP:63] Did you mean: America's Test Kitchen: Let's Get Cooking?
[03/Jan/2019 15:32:31] INFO [MYAPP:62] NOT FOUND: Test.
[03/Jan/2019 15:32:31] INFO [MYAPP:63] Did you mean: Test Drive Off-Road?
[03/Jan/2019 15:32:31] INFO [MYAPP:62] NOT FOUND: Test.
[03/Jan/2019 15:32:31] INFO [MYAPP:63] Did you mean: Megami Tensei: The Old Testament?
[03/Jan/2019 15:32:31] INFO [MYAPP:62] NOT FOUND: Test.
[03/Jan/2019 15:32:31] INFO [MYAPP:63] Did you mean: Test Drive Le Mans (Dreamcast)?
[03/Jan/2019 15:32:31] INFO [MYAPP:62] NOT FOUND: Test.
[03/Jan/2019 15:32:31] INFO [MYAPP:63] Did you mean: Perimeter: Emperor's Testament?
[03/Jan/2019 15:32:31] INFO [MYAPP:62] NOT FOUND: Test.
[03/Jan/2019 15:32:31] INFO [MYAPP:63] Did you mean: Cubivore: Survival of the Fittest?
[03/Jan/2019 15:32:31] INFO [MYAPP:62] NOT FOUND: Test.
[03/Jan/2019 15:32:31] INFO [MYAPP:63] Did you mean: Sweetest Monster?
[03/Jan/2019 15:32:31] INFO [MYAPP:62] NOT FOUND: Test.
[03/Jan/2019 15:32:31] INFO [MYAPP:63] Did you mean: Dance Dance Revolution Hottest Party 3?
[03/Jan/2019 15:32:31] INFO [MYAPP:62] NOT FOUND: Test.
[03/Jan/2019 15:32:31] INFO [MYAPP:63] Did you mean: Blossoms Bloom Brightest?
[03/Jan/2019 15:32:31] INFO [MYAPP:62] NOT FOUND: Test.
[03/Jan/2019 15:32:31] INFO [MYAPP:63] Did you mean: Test Drive Unlimited?
[03/Jan/2019 15:32:31] INFO [MYAPP:62] NOT FOUND: Test.
[03/Jan/2019 15:32:31] INFO [MYAPP:63] Did you mean: Test Drive 6?
[03/Jan/2019 15:32:31] INFO [MYAPP:62] NOT FOUND: Test 2.
[03/Jan/2019 15:32:31] INFO [MYAPP:63] Did you mean: Test Drive Unlimited 2?
[03/Jan/2019 15:32:31] INFO [MYAPP:62] NOT FOUND: Test 2.
[03/Jan/2019 15:32:31] INFO [MYAPP:63] Did you mean: Arcade's Greatest Hits: The Atari Collection 2?
[03/Jan/2019 15:32:31] INFO [MYAPP:62] NOT FOUND: Test 2.
[03/Jan/2019 15:32:31] INFO [MYAPP:63] Did you mean: Test Drive (2002)?
[03/Jan/2019 15:32:31] INFO [MYAPP:62] NOT FOUND: Test 2.
[03/Jan/2019 15:32:31] INFO [MYAPP:63] Did you mean: Professor Nasty Time: The Stupidly Unfair Test Simulator 2016?
[03/Jan/2019 15:32:31] INFO [MYAPP:62] NOT FOUND: Test 2.
[03/Jan/2019 15:32:31] INFO [MYAPP:63] Did you mean: Joust 2: Survival of the Fittest?
[03/Jan/2019 15:32:31] INFO [MYAPP:62] NOT FOUND: Test 2.
[03/Jan/2019 15:32:31] INFO [MYAPP:63] Did you mean: Dance Dance Revolution Hottest Party 2?
[03/Jan/2019 15:32:31] DEBUG [MYAPP:58] NO REFERER
[03/Jan/2019 15:32:32] DEBUG [MYAPP:39] http://127.0.0.1:8000/3/
[03/Jan/2019 15:32:32] DEBUG [MYAPP:82] http://gameslist.griffonflightproductions.com/3/
[03/Jan/2019 15:32:32] DEBUG [MYAPP:83] http://127.0.0.1:8000/3/
[03/Jan/2019 15:32:32] DEBUG [MYAPP:82] http://127.0.0.1:8000/3/
[03/Jan/2019 15:32:32] DEBUG [MYAPP:83] http://127.0.0.1:8000/3/
[03/Jan/2019 15:32:32] DEBUG [MYAPP:44] REDIRECTING
[03/Jan/2019 15:32:32] DEBUG [MYAPP:39] http://127.0.0.1:8000/3/
[03/Jan/2019 15:32:32] DEBUG [MYAPP:53] page=1
[03/Jan/2019 15:32:32] DEBUG [MYAPP:54] Query String has search data.
[03/Jan/2019 15:32:34] INFO [MYAPP:62] NOT FOUND: Test.
[03/Jan/2019 15:32:34] INFO [MYAPP:63] Did you mean: The Turing Test?
[03/Jan/2019 15:32:34] INFO [MYAPP:62] NOT FOUND: Test.
[03/Jan/2019 15:32:34] INFO [MYAPP:63] Did you mean: ARK: Survival of the Fittest?
[03/Jan/2019 15:32:34] INFO [MYAPP:62] NOT FOUND: Test.
[03/Jan/2019 15:32:34] INFO [MYAPP:63] Did you mean: The Testament of Sherlock Holmes?
[03/Jan/2019 15:32:34] INFO [MYAPP:62] NOT FOUND: Test.
[03/Jan/2019 15:32:34] INFO [MYAPP:63] Did you mean: Mega Man 6?
[03/Jan/2019 15:32:34] INFO [MYAPP:62] NOT FOUND: Test.
[03/Jan/2019 15:32:34] INFO [MYAPP:63] Did you mean: Test Drive Unlimited 2?
[03/Jan/2019 15:32:34] INFO [MYAPP:62] NOT FOUND: Test.
[03/Jan/2019 15:32:34] INFO [MYAPP:63] Did you mean: Aperture Tag: The Paint Gun Testing Initiative?
[03/Jan/2019 15:32:34] INFO [MYAPP:62] NOT FOUND: Test.
[03/Jan/2019 15:32:34] INFO [MYAPP:63] Did you mean: Numen: Contest of Heroes?
[03/Jan/2019 15:32:34] INFO [MYAPP:62] NOT FOUND: Test.
[03/Jan/2019 15:32:34] INFO [MYAPP:63] Did you mean: America's Test Kitchen: Let's Get Cooking?
[03/Jan/2019 15:32:34] INFO [MYAPP:62] NOT FOUND: Test.
[03/Jan/2019 15:32:34] INFO [MYAPP:63] Did you mean: Test Drive Off-Road?
[03/Jan/2019 15:32:34] INFO [MYAPP:62] NOT FOUND: Test.
[03/Jan/2019 15:32:34] INFO [MYAPP:63] Did you mean: Megami Tensei: The Old Testament?
[03/Jan/2019 15:32:34] INFO [MYAPP:62] NOT FOUND: Test.
[03/Jan/2019 15:32:34] INFO [MYAPP:63] Did you mean: Test Drive Le Mans (Dreamcast)?
[03/Jan/2019 15:32:34] INFO [MYAPP:62] NOT FOUND: Test.
[03/Jan/2019 15:32:34] INFO [MYAPP:63] Did you mean: Perimeter: Emperor's Testament?
[03/Jan/2019 15:32:34] INFO [MYAPP:62] NOT FOUND: Test.
[03/Jan/2019 15:32:34] INFO [MYAPP:63] Did you mean: Cubivore: Survival of the Fittest?
[03/Jan/2019 15:32:34] INFO [MYAPP:62] NOT FOUND: Test.
[03/Jan/2019 15:32:34] INFO [MYAPP:63] Did you mean: Sweetest Monster?
[03/Jan/2019 15:32:34] INFO [MYAPP:62] NOT FOUND: Test.
[03/Jan/2019 15:32:34] INFO [MYAPP:63] Did you mean: Dance Dance Revolution Hottest Party 3?
[03/Jan/2019 15:32:34] INFO [MYAPP:62] NOT FOUND: Test.
[03/Jan/2019 15:32:34] INFO [MYAPP:63] Did you mean: Blossoms Bloom Brightest?
[03/Jan/2019 15:32:34] INFO [MYAPP:62] NOT FOUND: Test.
[03/Jan/2019 15:32:34] INFO [MYAPP:63] Did you mean: Test Drive Unlimited?
[03/Jan/2019 15:32:34] INFO [MYAPP:62] NOT FOUND: Test.
[03/Jan/2019 15:32:34] INFO [MYAPP:63] Did you mean: Test Drive 6?
[03/Jan/2019 15:32:34] INFO [MYAPP:62] NOT FOUND: Test 2.
[03/Jan/2019 15:32:34] INFO [MYAPP:63] Did you mean: Test Drive Unlimited 2?
[03/Jan/2019 15:32:34] INFO [MYAPP:62] NOT FOUND: Test 2.
[03/Jan/2019 15:32:34] INFO [MYAPP:63] Did you mean: Arcade's Greatest Hits: The Atari Collection 2?
[03/Jan/2019 15:32:34] INFO [MYAPP:62] NOT FOUND: Test 2.
[03/Jan/2019 15:32:34] INFO [MYAPP:63] Did you mean: Test Drive (2002)?
[03/Jan/2019 15:32:34] INFO [MYAPP:62] NOT FOUND: Test 2.
[03/Jan/2019 15:32:34] INFO [MYAPP:63] Did you mean: Professor Nasty Time: The Stupidly Unfair Test Simulator 2016?
[03/Jan/2019 15:32:34] INFO [MYAPP:62] NOT FOUND: Test 2.
[03/Jan/2019 15:32:34] INFO [MYAPP:63] Did you mean: Joust 2: Survival of the Fittest?
[03/Jan/2019 15:32:34] INFO [MYAPP:62] NOT FOUND: Test 2.
[03/Jan/2019 15:32:34] INFO [MYAPP:63] Did you mean: Dance Dance Revolution Hottest Party 2?
[03/Jan/2019 15:32:34] DEBUG [MYAPP:58] NO REFERER
[03/Jan/2019 15:32:36] INFO [MYAPP:62] NOT FOUND: Test.
[03/Jan/2019 15:32:36] INFO [MYAPP:63] Did you mean: The Turing Test?
[03/Jan/2019 15:32:36] INFO [MYAPP:62] NOT FOUND: Test.
[03/Jan/2019 15:32:36] INFO [MYAPP:63] Did you mean: ARK: Survival of the Fittest?
[03/Jan/2019 15:32:36] INFO [MYAPP:62] NOT FOUND: Test.
[03/Jan/2019 15:32:36] INFO [MYAPP:63] Did you mean: The Testament of Sherlock Holmes?
[03/Jan/2019 15:32:36] INFO [MYAPP:62] NOT FOUND: Test.
[03/Jan/2019 15:32:36] INFO [MYAPP:63] Did you mean: Mega Man 6?
[03/Jan/2019 15:32:36] INFO [MYAPP:62] NOT FOUND: Test.
[03/Jan/2019 15:32:36] INFO [MYAPP:63] Did you mean: Test Drive Unlimited 2?
[03/Jan/2019 15:32:36] INFO [MYAPP:62] NOT FOUND: Test.
[03/Jan/2019 15:32:36] INFO [MYAPP:63] Did you mean: Aperture Tag: The Paint Gun Testing Initiative?
[03/Jan/2019 15:32:36] INFO [MYAPP:62] NOT FOUND: Test.
[03/Jan/2019 15:32:36] INFO [MYAPP:63] Did you mean: Numen: Contest of Heroes?
[03/Jan/2019 15:32:36] INFO [MYAPP:62] NOT FOUND: Test.
[03/Jan/2019 15:32:36] INFO [MYAPP:63] Did you mean: America's Test Kitchen: Let's Get Cooking?
[03/Jan/2019 15:32:36] INFO [MYAPP:62] NOT FOUND: Test.
[03/Jan/2019 15:32:36] INFO [MYAPP:63] Did you mean: Test Drive Off-Road?
[03/Jan/2019 15:32:36] INFO [MYAPP:62] NOT FOUND: Test.
[03/Jan/2019 15:32:36] INFO [MYAPP:63] Did you mean: Megami Tensei: The Old Testament?
[03/Jan/2019 15:32:36] INFO [MYAPP:62] NOT FOUND: Test.
[03/Jan/2019 15:32:36] INFO [MYAPP:63] Did you mean: Test Drive Le Mans (Dreamcast)?
[03/Jan/2019 15:32:36] INFO [MYAPP:62] NOT FOUND: Test.
[03/Jan/2019 15:32:36] INFO [MYAPP:63] Did you mean: Perimeter: Emperor's Testament?
[03/Jan/2019 15:32:36] INFO [MYAPP:62] NOT FOUND: Test.
[03/Jan/2019 15:32:36] INFO [MYAPP:63] Did you mean: Cubivore: Survival of the Fittest?
[03/Jan/2019 15:32:36] INFO [MYAPP:62] NOT FOUND: Test.
[03/Jan/2019 15:32:36] INFO [MYAPP:63] Did you mean: Sweetest Monster?
[03/Jan/2019 15:32:36] INFO [MYAPP:62] NOT FOUND: Test.
[03/Jan/2019 15:32:36] INFO [MYAPP:63] Did you mean: Dance Dance Revolution Hottest Party 3?
[03/Jan/2019 15:32:36] INFO [MYAPP:62] NOT FOUND: Test.
[03/Jan/2019 15:32:36] INFO [MYAPP:63] Did you mean: Blossoms Bloom Brightest?
[03/Jan/2019 15:32:36] INFO [MYAPP:62] NOT FOUND: Test.
[03/Jan/2019 15:32:36] INFO [MYAPP:63] Did you mean: Test Drive Unlimited?
[03/Jan/2019 15:32:36] INFO [MYAPP:62] NOT FOUND: Test.
[03/Jan/2019 15:32:36] INFO [MYAPP:63] Did you mean: Test Drive 6?
[03/Jan/2019 15:32:37] INFO [MYAPP:62] NOT FOUND: Test 2.
[03/Jan/2019 15:32:37] INFO [MYAPP:63] Did you mean: Test Drive Unlimited 2?
[03/Jan/2019 15:32:37] INFO [MYAPP:62] NOT FOUND: Test 2.
[03/Jan/2019 15:32:37] INFO [MYAPP:63] Did you mean: Arcade's Greatest Hits: The Atari Collection 2?
[03/Jan/2019 15:32:37] INFO [MYAPP:62] NOT FOUND: Test 2.
[03/Jan/2019 15:32:37] INFO [MYAPP:63] Did you mean: Test Drive (2002)?
[03/Jan/2019 15:32:37] INFO [MYAPP:62] NOT FOUND: Test 2.
[03/Jan/2019 15:32:37] INFO [MYAPP:63] Did you mean: Professor Nasty Time: The Stupidly Unfair Test Simulator 2016?
[03/Jan/2019 15:32:37] INFO [MYAPP:62] NOT FOUND: Test 2.
[03/Jan/2019 15:32:37] INFO [MYAPP:63] Did you mean: Joust 2: Survival of the Fittest?
[03/Jan/2019 15:32:37] INFO [MYAPP:62] NOT FOUND: Test 2.
[03/Jan/2019 15:32:37] INFO [MYAPP:63] Did you mean: Dance Dance Revolution Hottest Party 2?
[03/Jan/2019 15:32:37] DEBUG [MYAPP:58] NO REFERER
[03/Jan/2019 15:32:38] INFO [MYAPP:62] NOT FOUND: Test.
[03/Jan/2019 15:32:38] INFO [MYAPP:63] Did you mean: The Turing Test?
[03/Jan/2019 15:32:38] INFO [MYAPP:62] NOT FOUND: Test.
[03/Jan/2019 15:32:38] INFO [MYAPP:63] Did you mean: ARK: Survival of the Fittest?
[03/Jan/2019 15:32:38] INFO [MYAPP:62] NOT FOUND: Test.
[03/Jan/2019 15:32:38] INFO [MYAPP:63] Did you mean: The Testament of Sherlock Holmes?
[03/Jan/2019 15:32:38] INFO [MYAPP:62] NOT FOUND: Test.
[03/Jan/2019 15:32:38] INFO [MYAPP:63] Did you mean: Mega Man 6?
[03/Jan/2019 15:32:38] INFO [MYAPP:62] NOT FOUND: Test.
[03/Jan/2019 15:32:38] INFO [MYAPP:63] Did you mean: Test Drive Unlimited 2?
[03/Jan/2019 15:32:38] INFO [MYAPP:62] NOT FOUND: Test.
[03/Jan/2019 15:32:38] INFO [MYAPP:63] Did you mean: Aperture Tag: The Paint Gun Testing Initiative?
[03/Jan/2019 15:32:38] INFO [MYAPP:62] NOT FOUND: Test.
[03/Jan/2019 15:32:38] INFO [MYAPP:63] Did you mean: Numen: Contest of Heroes?
[03/Jan/2019 15:32:38] INFO [MYAPP:62] NOT FOUND: Test.
[03/Jan/2019 15:32:38] INFO [MYAPP:63] Did you mean: America's Test Kitchen: Let's Get Cooking?
[03/Jan/2019 15:32:38] INFO [MYAPP:62] NOT FOUND: Test.
[03/Jan/2019 15:32:38] INFO [MYAPP:63] Did you mean: Test Drive Off-Road?
[03/Jan/2019 15:32:38] INFO [MYAPP:62] NOT FOUND: Test.
[03/Jan/2019 15:32:38] INFO [MYAPP:63] Did you mean: Megami Tensei: The Old Testament?
[03/Jan/2019 15:32:38] INFO [MYAPP:62] NOT FOUND: Test.
[03/Jan/2019 15:32:38] INFO [MYAPP:63] Did you mean: Test Drive Le Mans (Dreamcast)?
[03/Jan/2019 15:32:38] INFO [MYAPP:62] NOT FOUND: Test.
[03/Jan/2019 15:32:38] INFO [MYAPP:63] Did you mean: Perimeter: Emperor's Testament?
[03/Jan/2019 15:32:38] INFO [MYAPP:62] NOT FOUND: Test.
[03/Jan/2019 15:32:38] INFO [MYAPP:63] Did you mean: Cubivore: Survival of the Fittest?
[03/Jan/2019 15:32:38] INFO [MYAPP:62] NOT FOUND: Test.
[03/Jan/2019 15:32:38] INFO [MYAPP:63] Did you mean: Sweetest Monster?
[03/Jan/2019 15:32:38] INFO [MYAPP:62] NOT FOUND: Test.
[03/Jan/2019 15:32:38] INFO [MYAPP:63] Did you mean: Dance Dance Revolution Hottest Party 3?
[03/Jan/2019 15:32:38] INFO [MYAPP:62] NOT FOUND: Test.
[03/Jan/2019 15:32:38] INFO [MYAPP:63] Did you mean: Blossoms Bloom Brightest?
[03/Jan/2019 15:32:38] INFO [MYAPP:62] NOT FOUND: Test.
[03/Jan/2019 15:32:38] INFO [MYAPP:63] Did you mean: Test Drive Unlimited?
[03/Jan/2019 15:32:38] INFO [MYAPP:62] NOT FOUND: Test.
[03/Jan/2019 15:32:38] INFO [MYAPP:63] Did you mean: Test Drive 6?
[03/Jan/2019 15:32:38] INFO [MYAPP:62] NOT FOUND: Test 2.
[03/Jan/2019 15:32:38] INFO [MYAPP:63] Did you mean: Test Drive Unlimited 2?
[03/Jan/2019 15:32:38] INFO [MYAPP:62] NOT FOUND: Test 2.
[03/Jan/2019 15:32:38] INFO [MYAPP:63] Did you mean: Arcade's Greatest Hits: The Atari Collection 2?
[03/Jan/2019 15:32:38] INFO [MYAPP:62] NOT FOUND: Test 2.
[03/Jan/2019 15:32:38] INFO [MYAPP:63] Did you mean: Test Drive (2002)?
[03/Jan/2019 15:32:38] INFO [MYAPP:62] NOT FOUND: Test 2.
[03/Jan/2019 15:32:38] INFO [MYAPP:63] Did you mean: Professor Nasty Time: The Stupidly Unfair Test Simulator 2016?
[03/Jan/2019 15:32:38] INFO [MYAPP:62] NOT FOUND: Test 2.
[03/Jan/2019 15:32:38] INFO [MYAPP:63] Did you mean: Joust 2: Survival of the Fittest?
[03/Jan/2019 15:32:38] INFO [MYAPP:62] NOT FOUND: Test 2.
[03/Jan/2019 15:32:38] INFO [MYAPP:63] Did you mean: Dance Dance Revolution Hottest Party 2?
[03/Jan/2019 15:32:38] DEBUG [MYAPP:58] NO REFERER
[03/Jan/2019 15:32:39] DEBUG [MYAPP:39] http://127.0.0.1:8000/3/
[03/Jan/2019 15:32:39] DEBUG [MYAPP:82] http://gameslist.griffonflightproductions.com/3/
[03/Jan/2019 15:32:39] DEBUG [MYAPP:83] http://127.0.0.1:8000/3/
[03/Jan/2019 15:32:39] DEBUG [MYAPP:82] http://127.0.0.1:8000/3/
[03/Jan/2019 15:32:39] DEBUG [MYAPP:83] http://127.0.0.1:8000/3/
[03/Jan/2019 15:32:39] DEBUG [MYAPP:44] REDIRECTING
[03/Jan/2019 15:32:39] DEBUG [MYAPP:39] http://127.0.0.1:8000/3/
[03/Jan/2019 15:32:39] DEBUG [MYAPP:53] system=3DS
[03/Jan/2019 15:32:39] DEBUG [MYAPP:54] Query String has search data.
[03/Jan/2019 15:32:41] INFO [MYAPP:62] NOT FOUND: Test.
[03/Jan/2019 15:32:41] INFO [MYAPP:63] Did you mean: The Turing Test?
[03/Jan/2019 15:32:41] INFO [MYAPP:62] NOT FOUND: Test.
[03/Jan/2019 15:32:41] INFO [MYAPP:63] Did you mean: ARK: Survival of the Fittest?
[03/Jan/2019 15:32:41] INFO [MYAPP:62] NOT FOUND: Test.
[03/Jan/2019 15:32:41] INFO [MYAPP:63] Did you mean: The Testament of Sherlock Holmes?
[03/Jan/2019 15:32:41] INFO [MYAPP:62] NOT FOUND: Test.
[03/Jan/2019 15:32:41] INFO [MYAPP:63] Did you mean: Mega Man 6?
[03/Jan/2019 15:32:41] INFO [MYAPP:62] NOT FOUND: Test.
[03/Jan/2019 15:32:41] INFO [MYAPP:63] Did you mean: Test Drive Unlimited 2?
[03/Jan/2019 15:32:41] INFO [MYAPP:62] NOT FOUND: Test.
[03/Jan/2019 15:32:41] INFO [MYAPP:63] Did you mean: Aperture Tag: The Paint Gun Testing Initiative?
[03/Jan/2019 15:32:41] INFO [MYAPP:62] NOT FOUND: Test.
[03/Jan/2019 15:32:41] INFO [MYAPP:63] Did you mean: Numen: Contest of Heroes?
[03/Jan/2019 15:32:41] INFO [MYAPP:62] NOT FOUND: Test.
[03/Jan/2019 15:32:41] INFO [MYAPP:63] Did you mean: America's Test Kitchen: Let's Get Cooking?
[03/Jan/2019 15:32:41] INFO [MYAPP:62] NOT FOUND: Test.
[03/Jan/2019 15:32:41] INFO [MYAPP:63] Did you mean: Test Drive Off-Road?
[03/Jan/2019 15:32:41] INFO [MYAPP:62] NOT FOUND: Test.
[03/Jan/2019 15:32:41] INFO [MYAPP:63] Did you mean: Megami Tensei: The Old Testament?
[03/Jan/2019 15:32:41] INFO [MYAPP:62] NOT FOUND: Test.
[03/Jan/2019 15:32:41] INFO [MYAPP:63] Did you mean: Test Drive Le Mans (Dreamcast)?
[03/Jan/2019 15:32:41] INFO [MYAPP:62] NOT FOUND: Test.
[03/Jan/2019 15:32:41] INFO [MYAPP:63] Did you mean: Perimeter: Emperor's Testament?
[03/Jan/2019 15:32:41] INFO [MYAPP:62] NOT FOUND: Test.
[03/Jan/2019 15:32:41] INFO [MYAPP:63] Did you mean: Cubivore: Survival of the Fittest?
[03/Jan/2019 15:32:41] INFO [MYAPP:62] NOT FOUND: Test.
[03/Jan/2019 15:32:41] INFO [MYAPP:63] Did you mean: Sweetest Monster?
[03/Jan/2019 15:32:41] INFO [MYAPP:62] NOT FOUND: Test.
[03/Jan/2019 15:32:41] INFO [MYAPP:63] Did you mean: Dance Dance Revolution Hottest Party 3?
[03/Jan/2019 15:32:41] INFO [MYAPP:62] NOT FOUND: Test.
[03/Jan/2019 15:32:41] INFO [MYAPP:63] Did you mean: Blossoms Bloom Brightest?
[03/Jan/2019 15:32:41] INFO [MYAPP:62] NOT FOUND: Test.
[03/Jan/2019 15:32:41] INFO [MYAPP:63] Did you mean: Test Drive Unlimited?
[03/Jan/2019 15:32:41] INFO [MYAPP:62] NOT FOUND: Test.
[03/Jan/2019 15:32:41] INFO [MYAPP:63] Did you mean: Test Drive 6?
[03/Jan/2019 15:32:42] INFO [MYAPP:62] NOT FOUND: Test.
[03/Jan/2019 15:32:42] INFO [MYAPP:63] Did you mean: The Turing Test?
[03/Jan/2019 15:32:42] INFO [MYAPP:62] NOT FOUND: Test.
[03/Jan/2019 15:32:42] INFO [MYAPP:63] Did you mean: ARK: Survival of the Fittest?
[03/Jan/2019 15:32:42] INFO [MYAPP:62] NOT FOUND: Test.
[03/Jan/2019 15:32:42] INFO [MYAPP:63] Did you mean: The Testament of Sherlock Holmes?
[03/Jan/2019 15:32:42] INFO [MYAPP:62] NOT FOUND: Test.
[03/Jan/2019 15:32:42] INFO [MYAPP:63] Did you mean: Mega Man 6?
[03/Jan/2019 15:32:42] INFO [MYAPP:62] NOT FOUND: Test.
[03/Jan/2019 15:32:42] INFO [MYAPP:63] Did you mean: Test Drive Unlimited 2?
[03/Jan/2019 15:32:42] INFO [MYAPP:62] NOT FOUND: Test.
[03/Jan/2019 15:32:42] INFO [MYAPP:63] Did you mean: Aperture Tag: The Paint Gun Testing Initiative?
[03/Jan/2019 15:32:42] INFO [MYAPP:62] NOT FOUND: Test.
[03/Jan/2019 15:32:42] INFO [MYAPP:63] Did you mean: Numen: Contest of Heroes?
[03/Jan/2019 15:32:42] INFO [MYAPP:62] NOT FOUND: Test.
[03/Jan/2019 15:32:42] INFO [MYAPP:63] Did you mean: America's Test Kitchen: Let's Get Cooking?
[03/Jan/2019 15:32:42] INFO [MYAPP:62] NOT FOUND: Test.
[03/Jan/2019 15:32:42] INFO [MYAPP:63] Did you mean: Test Drive Off-Road?
[03/Jan/2019 15:32:42] INFO [MYAPP:62] NOT FOUND: Test.
[03/Jan/2019 15:32:42] INFO [MYAPP:63] Did you mean: Megami Tensei: The Old Testament?
[03/Jan/2019 15:32:42] INFO [MYAPP:62] NOT FOUND: Test.
[03/Jan/2019 15:32:42] INFO [MYAPP:63] Did you mean: Test Drive Le Mans (Dreamcast)?
[03/Jan/2019 15:32:42] INFO [MYAPP:62] NOT FOUND: Test.
[03/Jan/2019 15:32:42] INFO [MYAPP:63] Did you mean: Perimeter: Emperor's Testament?
[03/Jan/2019 15:32:42] INFO [MYAPP:62] NOT FOUND: Test.
[03/Jan/2019 15:32:42] INFO [MYAPP:63] Did you mean: Cubivore: Survival of the Fittest?
[03/Jan/2019 15:32:42] INFO [MYAPP:62] NOT FOUND: Test.
[03/Jan/2019 15:32:42] INFO [MYAPP:63] Did you mean: Sweetest Monster?
[03/Jan/2019 15:32:42] INFO [MYAPP:62] NOT FOUND: Test.
[03/Jan/2019 15:32:42] INFO [MYAPP:63] Did you mean: Dance Dance Revolution Hottest Party 3?
[03/Jan/2019 15:32:42] INFO [MYAPP:62] NOT FOUND: Test.
[03/Jan/2019 15:32:42] INFO [MYAPP:63] Did you mean: Blossoms Bloom Brightest?
[03/Jan/2019 15:32:42] INFO [MYAPP:62] NOT FOUND: Test.
[03/Jan/2019 15:32:42] INFO [MYAPP:63] Did you mean: Test Drive Unlimited?
[03/Jan/2019 15:32:42] INFO [MYAPP:62] NOT FOUND: Test.
[03/Jan/2019 15:32:42] INFO [MYAPP:63] Did you mean: Test Drive 6?
[03/Jan/2019 15:32:43] INFO [MYAPP:62] NOT FOUND: Test.
[03/Jan/2019 15:32:43] INFO [MYAPP:63] Did you mean: The Turing Test?
[03/Jan/2019 15:32:43] INFO [MYAPP:62] NOT FOUND: Test.
[03/Jan/2019 15:32:43] INFO [MYAPP:63] Did you mean: ARK: Survival of the Fittest?
[03/Jan/2019 15:32:43] INFO [MYAPP:62] NOT FOUND: Test.
[03/Jan/2019 15:32:43] INFO [MYAPP:63] Did you mean: The Testament of Sherlock Holmes?
[03/Jan/2019 15:32:43] INFO [MYAPP:62] NOT FOUND: Test.
[03/Jan/2019 15:32:43] INFO [MYAPP:63] Did you mean: Mega Man 6?
[03/Jan/2019 15:32:43] INFO [MYAPP:62] NOT FOUND: Test.
[03/Jan/2019 15:32:43] INFO [MYAPP:63] Did you mean: Test Drive Unlimited 2?
[03/Jan/2019 15:32:43] INFO [MYAPP:62] NOT FOUND: Test.
[03/Jan/2019 15:32:43] INFO [MYAPP:63] Did you mean: Aperture Tag: The Paint Gun Testing Initiative?
[03/Jan/2019 15:32:43] INFO [MYAPP:62] NOT FOUND: Test.
[03/Jan/2019 15:32:43] INFO [MYAPP:63] Did you mean: Numen: Contest of Heroes?
[03/Jan/2019 15:32:43] INFO [MYAPP:62] NOT FOUND: Test.
[03/Jan/2019 15:32:43] INFO [MYAPP:63] Did you mean: America's Test Kitchen: Let's Get Cooking?
[03/Jan/2019 15:32:43] INFO [MYAPP:62] NOT FOUND: Test.
[03/Jan/2019 15:32:43] INFO [MYAPP:63] Did you mean: Test Drive Off-Road?
[03/Jan/2019 15:32:43] INFO [MYAPP:62] NOT FOUND: Test.
[03/Jan/2019 15:32:43] INFO [MYAPP:63] Did you mean: Megami Tensei: The Old Testament?
[03/Jan/2019 15:32:43] INFO [MYAPP:62] NOT FOUND: Test.
[03/Jan/2019 15:32:43] INFO [MYAPP:63] Did you mean: Test Drive Le Mans (Dreamcast)?
[03/Jan/2019 15:32:43] INFO [MYAPP:62] NOT FOUND: Test.
[03/Jan/2019 15:32:43] INFO [MYAPP:63] Did you mean: Perimeter: Emperor's Testament?
[03/Jan/2019 15:32:43] INFO [MYAPP:62] NOT FOUND: Test.
[03/Jan/2019 15:32:43] INFO [MYAPP:63] Did you mean: Cubivore: Survival of the Fittest?
[03/Jan/2019 15:32:43] INFO [MYAPP:62] NOT FOUND: Test.
[03/Jan/2019 15:32:43] INFO [MYAPP:63] Did you mean: Sweetest Monster?
[03/Jan/2019 15:32:43] INFO [MYAPP:62] NOT FOUND: Test.
[03/Jan/2019 15:32:43] INFO [MYAPP:63] Did you mean: Dance Dance Revolution Hottest Party 3?
[03/Jan/2019 15:32:43] INFO [MYAPP:62] NOT FOUND: Test.
[03/Jan/2019 15:32:43] INFO [MYAPP:63] Did you mean: Blossoms Bloom Brightest?
[03/Jan/2019 15:32:43] INFO [MYAPP:62] NOT FOUND: Test.
[03/Jan/2019 15:32:43] INFO [MYAPP:63] Did you mean: Test Drive Unlimited?
[03/Jan/2019 15:32:43] INFO [MYAPP:62] NOT FOUND: Test.
[03/Jan/2019 15:32:43] INFO [MYAPP:63] Did you mean: Test Drive 6?
[03/Jan/2019 15:32:44] INFO [MYAPP:62] NOT FOUND: Test.
[03/Jan/2019 15:32:44] INFO [MYAPP:63] Did you mean: The Turing Test?
[03/Jan/2019 15:32:44] INFO [MYAPP:62] NOT FOUND: Test.
[03/Jan/2019 15:32:44] INFO [MYAPP:63] Did you mean: ARK: Survival of the Fittest?
[03/Jan/2019 15:32:44] INFO [MYAPP:62] NOT FOUND: Test.
[03/Jan/2019 15:32:44] INFO [MYAPP:63] Did you mean: The Testament of Sherlock Holmes?
[03/Jan/2019 15:32:44] INFO [MYAPP:62] NOT FOUND: Test.
[03/Jan/2019 15:32:44] INFO [MYAPP:63] Did you mean: Mega Man 6?
[03/Jan/2019 15:32:44] INFO [MYAPP:62] NOT FOUND: Test.
[03/Jan/2019 15:32:44] INFO [MYAPP:63] Did you mean: Test Drive Unlimited 2?
[03/Jan/2019 15:32:44] INFO [MYAPP:62] NOT FOUND: Test.
[03/Jan/2019 15:32:44] INFO [MYAPP:63] Did you mean: Aperture Tag: The Paint Gun Testing Initiative?
[03/Jan/2019 15:32:44] INFO [MYAPP:62] NOT FOUND: Test.
[03/Jan/2019 15:32:44] INFO [MYAPP:63] Did you mean: Numen: Contest of Heroes?
[03/Jan/2019 15:32:44] INFO [MYAPP:62] NOT FOUND: Test.
[03/Jan/2019 15:32:44] INFO [MYAPP:63] Did you mean: America's Test Kitchen: Let's Get Cooking?
[03/Jan/2019 15:32:44] INFO [MYAPP:62] NOT FOUND: Test.
[03/Jan/2019 15:32:44] INFO [MYAPP:63] Did you mean: Test Drive Off-Road?
[03/Jan/2019 15:32:44] INFO [MYAPP:62] NOT FOUND: Test.
[03/Jan/2019 15:32:44] INFO [MYAPP:63] Did you mean: Megami Tensei: The Old Testament?
[03/Jan/2019 15:32:44] INFO [MYAPP:62] NOT FOUND: Test.
[03/Jan/2019 15:32:44] INFO [MYAPP:63] Did you mean: Test Drive Le Mans (Dreamcast)?
[03/Jan/2019 15:32:44] INFO [MYAPP:62] NOT FOUND: Test.
[03/Jan/2019 15:32:44] INFO [MYAPP:63] Did you mean: Perimeter: Emperor's Testament?
[03/Jan/2019 15:32:44] INFO [MYAPP:62] NOT FOUND: Test.
[03/Jan/2019 15:32:44] INFO [MYAPP:63] Did you mean: Cubivore: Survival of the Fittest?
[03/Jan/2019 15:32:44] INFO [MYAPP:62] NOT FOUND: Test.
[03/Jan/2019 15:32:44] INFO [MYAPP:63] Did you mean: Sweetest Monster?
[03/Jan/2019 15:32:44] INFO [MYAPP:62] NOT FOUND: Test.
[03/Jan/2019 15:32:44] INFO [MYAPP:63] Did you mean: Dance Dance Revolution Hottest Party 3?
[03/Jan/2019 15:32:44] INFO [MYAPP:62] NOT FOUND: Test.
[03/Jan/2019 15:32:44] INFO [MYAPP:63] Did you mean: Blossoms Bloom Brightest?
[03/Jan/2019 15:32:44] INFO [MYAPP:62] NOT FOUND: Test.
[03/Jan/2019 15:32:44] INFO [MYAPP:63] Did you mean: Test Drive Unlimited?
[03/Jan/2019 15:32:44] INFO [MYAPP:62] NOT FOUND: Test.
[03/Jan/2019 15:32:44] INFO [MYAPP:63] Did you mean: Test Drive 6?
[03/Jan/2019 15:32:44] INFO [MYAPP:62] NOT FOUND: Test.
[03/Jan/2019 15:32:44] INFO [MYAPP:63] Did you mean: The Turing Test?
[03/Jan/2019 15:32:44] INFO [MYAPP:62] NOT FOUND: Test.
[03/Jan/2019 15:32:44] INFO [MYAPP:63] Did you mean: ARK: Survival of the Fittest?
[03/Jan/2019 15:32:44] INFO [MYAPP:62] NOT FOUND: Test.
[03/Jan/2019 15:32:44] INFO [MYAPP:63] Did you mean: The Testament of Sherlock Holmes?
[03/Jan/2019 15:32:44] INFO [MYAPP:62] NOT FOUND: Test.
[03/Jan/2019 15:32:44] INFO [MYAPP:63] Did you mean: Mega Man 6?
[03/Jan/2019 15:32:44] INFO [MYAPP:62] NOT FOUND: Test.
[03/Jan/2019 15:32:44] INFO [MYAPP:63] Did you mean: Test Drive Unlimited 2?
[03/Jan/2019 15:32:44] INFO [MYAPP:62] NOT FOUND: Test.
[03/Jan/2019 15:32:44] INFO [MYAPP:63] Did you mean: Aperture Tag: The Paint Gun Testing Initiative?
[03/Jan/2019 15:32:44] INFO [MYAPP:62] NOT FOUND: Test.
[03/Jan/2019 15:32:44] INFO [MYAPP:63] Did you mean: Numen: Contest of Heroes?
[03/Jan/2019 15:32:44] INFO [MYAPP:62] NOT FOUND: Test.
[03/Jan/2019 15:32:44] INFO [MYAPP:63] Did you mean: America's Test Kitchen: Let's Get Cooking?
[03/Jan/2019 15:32:44] INFO [MYAPP:62] NOT FOUND: Test.
[03/Jan/2019 15:32:44] INFO [MYAPP:63] Did you mean: Test Drive Off-Road?
[03/Jan/2019 15:32:44] INFO [MYAPP:62] NOT FOUND: Test.
[03/Jan/2019 15:32:44] INFO [MYAPP:63] Did you mean: Megami Tensei: The Old Testament?
[03/Jan/2019 15:32:44] INFO [MYAPP:62] NOT FOUND: Test.
[03/Jan/2019 15:32:44] INFO [MYAPP:63] Did you mean: Test Drive Le Mans (Dreamcast)?
[03/Jan/2019 15:32:44] INFO [MYAPP:62] NOT FOUND: Test.
[03/Jan/2019 15:32:44] INFO [MYAPP:63] Did you mean: Perimeter: Emperor's Testament?
[03/Jan/2019 15:32:44] INFO [MYAPP:62] NOT FOUND: Test.
[03/Jan/2019 15:32:44] INFO [MYAPP:63] Did you mean: Cubivore: Survival of the Fittest?
[03/Jan/2019 15:32:44] INFO [MYAPP:62] NOT FOUND: Test.
[03/Jan/2019 15:32:44] INFO [MYAPP:63] Did you mean: Sweetest Monster?
[03/Jan/2019 15:32:44] INFO [MYAPP:62] NOT FOUND: Test.
[03/Jan/2019 15:32:44] INFO [MYAPP:63] Did you mean: Dance Dance Revolution Hottest Party 3?
[03/Jan/2019 15:32:44] INFO [MYAPP:62] NOT FOUND: Test.
[03/Jan/2019 15:32:44] INFO [MYAPP:63] Did you mean: Blossoms Bloom Brightest?
[03/Jan/2019 15:32:44] INFO [MYAPP:62] NOT FOUND: Test.
[03/Jan/2019 15:32:44] INFO [MYAPP:63] Did you mean: Test Drive Unlimited?
[03/Jan/2019 15:32:44] INFO [MYAPP:62] NOT FOUND: Test.
[03/Jan/2019 15:32:44] INFO [MYAPP:63] Did you mean: Test Drive 6?
[03/Jan/2019 15:32:46] INFO [MYAPP:62] NOT FOUND: Test.
[03/Jan/2019 15:32:46] INFO [MYAPP:63] Did you mean: The Turing Test?
[03/Jan/2019 15:32:46] INFO [MYAPP:62] NOT FOUND: Test.
[03/Jan/2019 15:32:46] INFO [MYAPP:63] Did you mean: ARK: Survival of the Fittest?
[03/Jan/2019 15:32:46] INFO [MYAPP:62] NOT FOUND: Test.
[03/Jan/2019 15:32:46] INFO [MYAPP:63] Did you mean: The Testament of Sherlock Holmes?
[03/Jan/2019 15:32:46] INFO [MYAPP:62] NOT FOUND: Test.
[03/Jan/2019 15:32:46] INFO [MYAPP:63] Did you mean: Mega Man 6?
[03/Jan/2019 15:32:46] INFO [MYAPP:62] NOT FOUND: Test.
[03/Jan/2019 15:32:46] INFO [MYAPP:63] Did you mean: Test Drive Unlimited 2?
[03/Jan/2019 15:32:46] INFO [MYAPP:62] NOT FOUND: Test.
[03/Jan/2019 15:32:46] INFO [MYAPP:63] Did you mean: Aperture Tag: The Paint Gun Testing Initiative?
[03/Jan/2019 15:32:46] INFO [MYAPP:62] NOT FOUND: Test.
[03/Jan/2019 15:32:46] INFO [MYAPP:63] Did you mean: Numen: Contest of Heroes?
[03/Jan/2019 15:32:46] INFO [MYAPP:62] NOT FOUND: Test.
[03/Jan/2019 15:32:46] INFO [MYAPP:63] Did you mean: America's Test Kitchen: Let's Get Cooking?
[03/Jan/2019 15:32:46] INFO [MYAPP:62] NOT FOUND: Test.
[03/Jan/2019 15:32:46] INFO [MYAPP:63] Did you mean: Test Drive Off-Road?
[03/Jan/2019 15:32:46] INFO [MYAPP:62] NOT FOUND: Test.
[03/Jan/2019 15:32:46] INFO [MYAPP:63] Did you mean: Megami Tensei: The Old Testament?
[03/Jan/2019 15:32:46] INFO [MYAPP:62] NOT FOUND: Test.
[03/Jan/2019 15:32:46] INFO [MYAPP:63] Did you mean: Test Drive Le Mans (Dreamcast)?
[03/Jan/2019 15:32:46] INFO [MYAPP:62] NOT FOUND: Test.
[03/Jan/2019 15:32:46] INFO [MYAPP:63] Did you mean: Perimeter: Emperor's Testament?
[03/Jan/2019 15:32:46] INFO [MYAPP:62] NOT FOUND: Test.
[03/Jan/2019 15:32:46] INFO [MYAPP:63] Did you mean: Cubivore: Survival of the Fittest?
[03/Jan/2019 15:32:46] INFO [MYAPP:62] NOT FOUND: Test.
[03/Jan/2019 15:32:46] INFO [MYAPP:63] Did you mean: Sweetest Monster?
[03/Jan/2019 15:32:46] INFO [MYAPP:62] NOT FOUND: Test.
[03/Jan/2019 15:32:46] INFO [MYAPP:63] Did you mean: Dance Dance Revolution Hottest Party 3?
[03/Jan/2019 15:32:46] INFO [MYAPP:62] NOT FOUND: Test.
[03/Jan/2019 15:32:46] INFO [MYAPP:63] Did you mean: Blossoms Bloom Brightest?
[03/Jan/2019 15:32:46] INFO [MYAPP:62] NOT FOUND: Test.
[03/Jan/2019 15:32:46] INFO [MYAPP:63] Did you mean: Test Drive Unlimited?
[03/Jan/2019 15:32:46] INFO [MYAPP:62] NOT FOUND: Test.
[03/Jan/2019 15:32:46] INFO [MYAPP:63] Did you mean: Test Drive 6?
[03/Jan/2019 15:32:46] INFO [MYAPP:62] NOT FOUND: Test.
[03/Jan/2019 15:32:46] INFO [MYAPP:63] Did you mean: The Turing Test?
[03/Jan/2019 15:32:46] INFO [MYAPP:62] NOT FOUND: Test.
[03/Jan/2019 15:32:46] INFO [MYAPP:63] Did you mean: ARK: Survival of the Fittest?
[03/Jan/2019 15:32:46] INFO [MYAPP:62] NOT FOUND: Test.
[03/Jan/2019 15:32:46] INFO [MYAPP:63] Did you mean: The Testament of Sherlock Holmes?
[03/Jan/2019 15:32:46] INFO [MYAPP:62] NOT FOUND: Test.
[03/Jan/2019 15:32:46] INFO [MYAPP:63] Did you mean: Mega Man 6?
[03/Jan/2019 15:32:46] INFO [MYAPP:62] NOT FOUND: Test.
[03/Jan/2019 15:32:46] INFO [MYAPP:63] Did you mean: Test Drive Unlimited 2?
[03/Jan/2019 15:32:46] INFO [MYAPP:62] NOT FOUND: Test.
[03/Jan/2019 15:32:46] INFO [MYAPP:63] Did you mean: Aperture Tag: The Paint Gun Testing Initiative?
[03/Jan/2019 15:32:46] INFO [MYAPP:62] NOT FOUND: Test.
[03/Jan/2019 15:32:46] INFO [MYAPP:63] Did you mean: Numen: Contest of Heroes?
[03/Jan/2019 15:32:46] INFO [MYAPP:62] NOT FOUND: Test.
[03/Jan/2019 15:32:46] INFO [MYAPP:63] Did you mean: America's Test Kitchen: Let's Get Cooking?
[03/Jan/2019 15:32:46] INFO [MYAPP:62] NOT FOUND: Test.
[03/Jan/2019 15:32:46] INFO [MYAPP:63] Did you mean: Test Drive Off-Road?
[03/Jan/2019 15:32:46] INFO [MYAPP:62] NOT FOUND: Test.
[03/Jan/2019 15:32:46] INFO [MYAPP:63] Did you mean: Megami Tensei: The Old Testament?
[03/Jan/2019 15:32:46] INFO [MYAPP:62] NOT FOUND: Test.
[03/Jan/2019 15:32:46] INFO [MYAPP:63] Did you mean: Test Drive Le Mans (Dreamcast)?
[03/Jan/2019 15:32:46] INFO [MYAPP:62] NOT FOUND: Test.
[03/Jan/2019 15:32:46] INFO [MYAPP:63] Did you mean: Perimeter: Emperor's Testament?
[03/Jan/2019 15:32:46] INFO [MYAPP:62] NOT FOUND: Test.
[03/Jan/2019 15:32:46] INFO [MYAPP:63] Did you mean: Cubivore: Survival of the Fittest?
[03/Jan/2019 15:32:46] INFO [MYAPP:62] NOT FOUND: Test.
[03/Jan/2019 15:32:46] INFO [MYAPP:63] Did you mean: Sweetest Monster?
[03/Jan/2019 15:32:46] INFO [MYAPP:62] NOT FOUND: Test.
[03/Jan/2019 15:32:46] INFO [MYAPP:63] Did you mean: Dance Dance Revolution Hottest Party 3?
[03/Jan/2019 15:32:46] INFO [MYAPP:62] NOT FOUND: Test.
[03/Jan/2019 15:32:46] INFO [MYAPP:63] Did you mean: Blossoms Bloom Brightest?
[03/Jan/2019 15:32:46] INFO [MYAPP:62] NOT FOUND: Test.
[03/Jan/2019 15:32:46] INFO [MYAPP:63] Did you mean: Test Drive Unlimited?
[03/Jan/2019 15:32:46] INFO [MYAPP:62] NOT FOUND: Test.
[03/Jan/2019 15:32:46] INFO [MYAPP:63] Did you mean: Test Drive 6?
[03/Jan/2019 15:32:47] INFO [MYAPP:62] NOT FOUND: Test.
[03/Jan/2019 15:32:47] INFO [MYAPP:63] Did you mean: The Turing Test?
[03/Jan/2019 15:32:47] INFO [MYAPP:62] NOT FOUND: Test.
[03/Jan/2019 15:32:47] INFO [MYAPP:63] Did you mean: ARK: Survival of the Fittest?
[03/Jan/2019 15:32:47] INFO [MYAPP:62] NOT FOUND: Test.
[03/Jan/2019 15:32:47] INFO [MYAPP:63] Did you mean: The Testament of Sherlock Holmes?
[03/Jan/2019 15:32:47] INFO [MYAPP:62] NOT FOUND: Test.
[03/Jan/2019 15:32:47] INFO [MYAPP:63] Did you mean: Mega Man 6?
[03/Jan/2019 15:32:47] INFO [MYAPP:62] NOT FOUND: Test.
[03/Jan/2019 15:32:47] INFO [MYAPP:63] Did you mean: Test Drive Unlimited 2?
[03/Jan/2019 15:32:47] INFO [MYAPP:62] NOT FOUND: Test.
[03/Jan/2019 15:32:47] INFO [MYAPP:63] Did you mean: Aperture Tag: The Paint Gun Testing Initiative?
[03/Jan/2019 15:32:47] INFO [MYAPP:62] NOT FOUND: Test.
[03/Jan/2019 15:32:47] INFO [MYAPP:63] Did you mean: Numen: Contest of Heroes?
[03/Jan/2019 15:32:47] INFO [MYAPP:62] NOT FOUND: Test.
[03/Jan/2019 15:32:47] INFO [MYAPP:63] Did you mean: America's Test Kitchen: Let's Get Cooking?
[03/Jan/2019 15:32:47] INFO [MYAPP:62] NOT FOUND: Test.
[03/Jan/2019 15:32:47] INFO [MYAPP:63] Did you mean: Test Drive Off-Road?
[03/Jan/2019 15:32:47] INFO [MYAPP:62] NOT FOUND: Test.
[03/Jan/2019 15:32:47] INFO [MYAPP:63] Did you mean: Megami Tensei: The Old Testament?
[03/Jan/2019 15:32:47] INFO [MYAPP:62] NOT FOUND: Test.
[03/Jan/2019 15:32:47] INFO [MYAPP:63] Did you mean: Test Drive Le Mans (Dreamcast)?
[03/Jan/2019 15:32:47] INFO [MYAPP:62] NOT FOUND: Test.
[03/Jan/2019 15:32:47] INFO [MYAPP:63] Did you mean: Perimeter: Emperor's Testament?
[03/Jan/2019 15:32:47] INFO [MYAPP:62] NOT FOUND: Test.
[03/Jan/2019 15:32:47] INFO [MYAPP:63] Did you mean: Cubivore: Survival of the Fittest?
[03/Jan/2019 15:32:47] INFO [MYAPP:62] NOT FOUND: Test.
[03/Jan/2019 15:32:47] INFO [MYAPP:63] Did you mean: Sweetest Monster?
[03/Jan/2019 15:32:47] INFO [MYAPP:62] NOT FOUND: Test.
[03/Jan/2019 15:32:47] INFO [MYAPP:63] Did you mean: Dance Dance Revolution Hottest Party 3?
[03/Jan/2019 15:32:47] INFO [MYAPP:62] NOT FOUND: Test.
[03/Jan/2019 15:32:47] INFO [MYAPP:63] Did you mean: Blossoms Bloom Brightest?
[03/Jan/2019 15:32:47] INFO [MYAPP:62] NOT FOUND: Test.
[03/Jan/2019 15:32:47] INFO [MYAPP:63] Did you mean: Test Drive Unlimited?
[03/Jan/2019 15:32:47] INFO [MYAPP:62] NOT FOUND: Test.
[03/Jan/2019 15:32:47] INFO [MYAPP:63] Did you mean: Test Drive 6?
[03/Jan/2019 15:35:39] DEBUG [MYAPP:58] NO REFERER
[03/Jan/2019 15:35:40] INFO [django.server:124] "GET / HTTP/1.1" 200 6250
[03/Jan/2019 15:35:41] WARNING [django.request:152] Not Found: /favicon.ico
[03/Jan/2019 15:35:41] WARNING [django.server:124] "GET /favicon.ico HTTP/1.1" 404 85
[03/Jan/2019 15:35:47] INFO [django.server:124] "POST /add/ HTTP/1.1" 200 10347
[03/Jan/2019 15:35:55] INFO [django.server:124] "GET /2/ HTTP/1.1" 200 1232
[03/Jan/2019 15:35:58] INFO [django.server:124] "GET /2/play_game/?csrfmiddlewaretoken=tmpUjY7lqwXAw6SKsMltmOcG015aNzuxavwFuKiim8juVZTuXYIQDU80Fwrludey HTTP/1.1" 200 3392
[03/Jan/2019 15:36:10] INFO [django.server:124] "GET /431/ HTTP/1.1" 200 1216
[03/Jan/2019 15:36:13] INFO [django.server:124] "GET /431/play_game/?csrfmiddlewaretoken=iVLeDp4SkCgYzv5cerqkTbZKIKv4p9f3Z4SZObfPgeCSYo6WJDNHahV4nfRf6NZ4 HTTP/1.1" 200 3357
[03/Jan/2019 15:36:39] WARNING [django.request:152] Not Found: /hltb/
[03/Jan/2019 15:36:39] WARNING [django.server:124] "GET /hltb/ HTTP/1.1" 404 79
